<?xml version="1.0" encoding="UTF-8"?>
<!-- Generated by org.testng.reporters.JUnitReportReporter -->
<testsuite hostname="DESKTOP-234S9F6" failures="0" tests="2" name="Pac1.CreateContactTest" time="18.630" errors="0" timestamp="2025-07-09T14:46:43 IST" skipped="0">
  <testcase classname="Pac1.CreateContactTest" name="createContactWithDate" time="6.373"/>
  <testcase classname="Pac1.CreateContactTest" name="createContactTest" time="12.257"/>
</testsuite> <!-- Pac1.CreateContactTest -->
