<?xml version="1.0" encoding="UTF-8"?>
<!-- Generated by org.testng.reporters.JUnitReportReporter -->
<testsuite hostname="DESKTOP-234S9F6" failures="0" tests="2" name="Pac2.CreateOrgtTest" time="16.924" errors="0" timestamp="2025-07-09T14:46:43 IST" skipped="0">
  <testcase classname="Pac2.CreateOrgtTest" name="createOrgtTest" time="8.395"/>
  <testcase classname="Pac2.CreateOrgtTest" name="createOrgWithIndusries" time="8.529"/>
</testsuite> <!-- Pac2.CreateOrgtTest -->
